[2024-01-21T19:20:05.871Z] [INFO]: server started in port - 5500
[2024-01-21T19:20:22.477Z] [INFO]: server started in port - 5600
[2024-01-21T19:20:27.626Z] [INFO]: server started in port - undefined
[2024-01-21T19:21:20.303Z] [INFO]: server started in port - undefined
[2024-01-21T19:21:44.375Z] [INFO]: server started in port - undefined
[2024-01-21T19:22:08.494Z] [INFO]: server started in port - undefined
[2024-01-21T19:22:13.846Z] [INFO]: server started in port - 5600
[2024-01-21T19:37:09.423Z] [INFO]: server started in port - 5600
[2024-01-21T19:41:11.648Z] [INFO]: server started in port - 5600
[2024-01-21T19:42:04.779Z] [INFO]: server started in port - 5600
[2024-01-21T20:44:00.791Z] [INFO]: server started in port - 5600
[2024-01-21T20:44:34.749Z] [INFO]: GET /user/ticket-list
[2024-01-21T20:44:53.950Z] [INFO]: GET /user/ticket/43
[2024-01-21T20:45:48.266Z] [INFO]: GET /user/ticket/43
[2024-01-21T20:45:49.458Z] [INFO]: GET /user/ticket/43
[2024-01-21T20:45:51.449Z] [INFO]: server started in port - 5600
[2024-01-21T20:45:52.771Z] [INFO]: GET /user/ticket/43
[2024-01-21T20:46:40.905Z] [INFO]: server started in port - 5600
[2024-01-21T20:46:56.271Z] [INFO]: GET /user/open-ticket
[2024-01-21T20:47:10.610Z] [INFO]: GET /user/ticket-list
[2024-01-21T20:48:05.306Z] [INFO]: GET /user/open-ticket-list
[2024-01-21T20:48:58.225Z] [INFO]: GET /user/ticket-list
[2024-01-21T20:50:03.645Z] [INFO]: server started in port - 5600
[2024-01-21T20:50:05.532Z] [INFO]: GET /user/open-ticket-list
[2024-01-21T20:50:28.724Z] [INFO]: GET /user/closed-ticket-list
[2024-01-21T20:50:39.448Z] [INFO]: server started in port - 5600
[2024-01-21T20:50:41.766Z] [INFO]: GET /user/closed-ticket-list
[2024-01-21T20:51:39.987Z] [INFO]: GET /user/ticket/12
[2024-01-21T20:53:51.930Z] [INFO]: GET /user/ticket/seat/12
[2024-01-21T20:53:55.835Z] [INFO]: server started in port - 5600
[2024-01-21T20:54:03.105Z] [INFO]: GET /user/ticket/seat/12
[2024-01-21T21:00:13.311Z] [INFO]: server started in port - 5600
[2024-01-21T21:00:16.270Z] [INFO]: GET /user/ticket/seat/12
[2024-01-21T21:00:57.724Z] [INFO]: server started in port - 5600
[2024-01-21T21:01:14.555Z] [INFO]: server started in port - 5600
[2024-01-21T21:01:15.850Z] [INFO]: GET /user/ticket/12
[2024-01-21T21:01:17.521Z] [INFO]: GET /user/ticket/12
[2024-01-21T21:01:54.513Z] [INFO]: server started in port - 5600
[2024-01-21T21:01:57.560Z] [INFO]: GET /user/ticket/12
[2024-01-21T21:02:08.287Z] [INFO]: server started in port - 5600
[2024-01-21T21:02:10.334Z] [INFO]: GET /user/ticket/12
[2024-01-21T21:02:25.513Z] [INFO]: server started in port - 5600
[2024-01-21T21:02:26.817Z] [INFO]: GET /user/ticket/12
[2024-01-21T21:02:28.436Z] [INFO]: GET /user/ticket/12
[2024-01-21T21:02:29.450Z] [INFO]: GET /user/ticket/12
[2024-01-21T21:03:06.028Z] [INFO]: server started in port - 5600
[2024-01-21T21:03:07.324Z] [INFO]: GET /user/ticket/12
[2024-01-21T21:03:12.361Z] [INFO]: GET /user/ticket/12a
[2024-01-21T21:03:14.274Z] [INFO]: GET /user/ticket/
[2024-01-21T21:03:16.208Z] [INFO]: GET /user/ticket/12
[2024-01-21T21:03:17.878Z] [INFO]: GET /user/ticket/13
[2024-01-21T21:03:19.467Z] [INFO]: GET /user/ticket/16
[2024-01-21T21:03:20.660Z] [INFO]: GET /user/ticket/163
[2024-01-21T21:17:23.215Z] [INFO]: GET /user/ticket/
[2024-01-21T21:17:26.629Z] [INFO]: GET /user/ticket/12
[2024-01-21T21:18:36.903Z] [INFO]: server started in port - 5600
[2024-01-21T21:20:29.838Z] [INFO]: PATCH /user/ticket/
[2024-01-21T21:21:01.276Z] [INFO]: PATCH /user/ticket/
[2024-01-21T21:21:10.066Z] [INFO]: GET /user/ticket-list
[2024-01-21T21:21:44.646Z] [INFO]: server started in port - 5600
[2024-01-21T21:21:46.644Z] [INFO]: GET /user/ticket-list
[2024-01-21T21:21:55.240Z] [INFO]: PATCH /user/ticket/
[2024-01-21T21:22:03.999Z] [INFO]: GET /user/ticket/32
[2024-01-21T21:23:44.047Z] [INFO]: server started in port - 5600
[2024-01-21T21:23:46.348Z] [INFO]: GET /user/ticket/32
[2024-01-21T21:23:48.586Z] [INFO]: GET /user/ticket/32
[2024-01-21T21:23:51.303Z] [INFO]: PATCH /user/ticket/
[2024-01-21T21:23:55.684Z] [INFO]: GET /user/ticket-list
[2024-01-21T21:23:58.053Z] [INFO]: GET /user/ticket/32
[2024-01-21T21:29:48.435Z] [INFO]: server started in port - 5600
[2024-01-21T21:29:58.474Z] [INFO]: GET /user/ticket/32
[2024-01-21T21:30:07.182Z] [INFO]: PATCH /user/ticket/
[2024-01-21T21:30:10.323Z] [INFO]: GET /user/ticket/32
[2024-01-21T21:30:19.787Z] [INFO]: GET /user/ticket-list
[2024-01-21T21:30:43.919Z] [INFO]: server started in port - 5600
[2024-01-21T21:30:49.552Z] [INFO]: GET /user/ticket/32
[2024-01-21T21:30:51.185Z] [INFO]: PATCH /user/ticket/
[2024-01-21T21:30:52.893Z] [INFO]: GET /user/ticket/32
[2024-01-21T21:31:02.417Z] [INFO]: PATCH /user/ticket/
[2024-01-21T21:33:35.313Z] [INFO]: server started in port - 5600
[2024-01-21T21:34:07.691Z] [INFO]: GET /admin/reset
[2024-01-21T21:35:05.373Z] [INFO]: server started in port - 5600
[2024-01-21T21:35:07.226Z] [INFO]: GET /admin/reset
[2024-01-21T21:35:08.159Z] [INFO]: GET /admin/reset
[2024-01-21T21:35:09.017Z] [INFO]: GET /admin/reset
[2024-01-21T21:35:12.987Z] [INFO]: GET /admin/reset
[2024-01-21T21:36:00.632Z] [INFO]: server started in port - 5600
[2024-01-21T21:36:05.557Z] [INFO]: GET /admin/reset
[2024-01-21T21:36:10.846Z] [INFO]: server started in port - 5600
[2024-01-21T21:36:12.433Z] [INFO]: GET /admin/reset
[2024-01-21T21:36:27.021Z] [INFO]: server started in port - 5600
[2024-01-21T21:36:28.329Z] [INFO]: GET /admin/reset
[2024-01-21T21:36:47.268Z] [INFO]: PATCH /user/ticket/
[2024-01-21T21:36:51.827Z] [INFO]: GET /user/ticket/32
[2024-01-21T21:36:56.010Z] [INFO]: GET /user/ticket/1
[2024-01-21T21:37:01.488Z] [INFO]: GET /admin/reset
[2024-01-21T21:37:04.439Z] [INFO]: GET /user/ticket/1
